Analysis & Synthesis report for async_fifo
Sun Mar  9 22:01:49 2025
Quartus Prime Version 23.1std.1 Build 993 05/14/2024 SC Lite Edition


---------------------
; Table of Contents ;
---------------------
  1. Legal Notice
  2. Analysis & Synthesis Summary
  3. Analysis & Synthesis Settings
  4. Parallel Compilation
  5. Analysis & Synthesis Source Files Read
  6. Analysis & Synthesis Resource Usage Summary
  7. Analysis & Synthesis Resource Utilization by Entity
  8. General Register Statistics
  9. Parameter Settings for User Entity Instance: Top-level Entity: |async_fifo
 10. Parameter Settings for User Entity Instance: fifo_control:write_control
 11. Parameter Settings for User Entity Instance: fifo_control:read_control
 12. Port Connectivity Checks: "fifo_control:read_control"
 13. Port Connectivity Checks: "fifo_control:write_control"
 14. Post-Synthesis Netlist Statistics for Top Partition
 15. Elapsed Time Per Partition
 16. Analysis & Synthesis Messages



----------------
; Legal Notice ;
----------------
Copyright (C) 2024  Intel Corporation. All rights reserved.
Your use of Intel Corporation's design tools, logic functions 
and other software and tools, and any partner logic 
functions, and any output files from any of the foregoing 
(including device programming or simulation files), and any 
associated documentation or information are expressly subject 
to the terms and conditions of the Intel Program License 
Subscription Agreement, the Intel Quartus Prime License Agreement,
the Intel FPGA IP License Agreement, or other applicable license
agreement, including, without limitation, that your use is for
the sole purpose of programming logic devices manufactured by
Intel and sold by Intel or its authorized distributors.  Please
refer to the applicable agreement for further details, at
https://fpgasoftware.intel.com/eula.



+----------------------------------------------------------------------------------+
; Analysis & Synthesis Summary                                                     ;
+---------------------------------+------------------------------------------------+
; Analysis & Synthesis Status     ; Successful - Sun Mar  9 22:01:49 2025          ;
; Quartus Prime Version           ; 23.1std.1 Build 993 05/14/2024 SC Lite Edition ;
; Revision Name                   ; async_fifo                                     ;
; Top-level Entity Name           ; async_fifo                                     ;
; Family                          ; Cyclone V                                      ;
; Logic utilization (in ALMs)     ; N/A                                            ;
; Total registers                 ; 10                                             ;
; Total pins                      ; 31                                             ;
; Total virtual pins              ; 0                                              ;
; Total block memory bits         ; 0                                              ;
; Total DSP Blocks                ; 0                                              ;
; Total HSSI RX PCSs              ; 0                                              ;
; Total HSSI PMA RX Deserializers ; 0                                              ;
; Total HSSI TX PCSs              ; 0                                              ;
; Total HSSI PMA TX Serializers   ; 0                                              ;
; Total PLLs                      ; 0                                              ;
; Total DLLs                      ; 0                                              ;
+---------------------------------+------------------------------------------------+


+---------------------------------------------------------------------------------------------------------------------------+
; Analysis & Synthesis Settings                                                                                             ;
+---------------------------------------------------------------------------------+--------------------+--------------------+
; Option                                                                          ; Setting            ; Default Value      ;
+---------------------------------------------------------------------------------+--------------------+--------------------+
; Device                                                                          ; 5CGXFC7C7F23C8     ;                    ;
; Top-level entity name                                                           ; async_fifo         ; async_fifo         ;
; Family name                                                                     ; Cyclone V          ; Cyclone V          ;
; Use smart compilation                                                           ; Off                ; Off                ;
; Enable parallel Assembler and Timing Analyzer during compilation                ; On                 ; On                 ;
; Enable compact report table                                                     ; Off                ; Off                ;
; Restructure Multiplexers                                                        ; Auto               ; Auto               ;
; MLAB Add Timing Constraints For Mixed-Port Feed-Through Mode Setting Don't Care ; Off                ; Off                ;
; Create Debugging Nodes for IP Cores                                             ; Off                ; Off                ;
; Preserve fewer node names                                                       ; On                 ; On                 ;
; Intel FPGA IP Evaluation Mode                                                   ; Enable             ; Enable             ;
; Verilog Version                                                                 ; Verilog_2001       ; Verilog_2001       ;
; VHDL Version                                                                    ; VHDL_1993          ; VHDL_1993          ;
; State Machine Processing                                                        ; Auto               ; Auto               ;
; Safe State Machine                                                              ; Off                ; Off                ;
; Extract Verilog State Machines                                                  ; On                 ; On                 ;
; Extract VHDL State Machines                                                     ; On                 ; On                 ;
; Ignore Verilog initial constructs                                               ; Off                ; Off                ;
; Iteration limit for constant Verilog loops                                      ; 5000               ; 5000               ;
; Iteration limit for non-constant Verilog loops                                  ; 250                ; 250                ;
; Add Pass-Through Logic to Inferred RAMs                                         ; On                 ; On                 ;
; Infer RAMs from Raw Logic                                                       ; On                 ; On                 ;
; Parallel Synthesis                                                              ; On                 ; On                 ;
; DSP Block Balancing                                                             ; Auto               ; Auto               ;
; NOT Gate Push-Back                                                              ; On                 ; On                 ;
; Power-Up Don't Care                                                             ; On                 ; On                 ;
; Remove Redundant Logic Cells                                                    ; Off                ; Off                ;
; Remove Duplicate Registers                                                      ; On                 ; On                 ;
; Ignore CARRY Buffers                                                            ; Off                ; Off                ;
; Ignore CASCADE Buffers                                                          ; Off                ; Off                ;
; Ignore GLOBAL Buffers                                                           ; Off                ; Off                ;
; Ignore ROW GLOBAL Buffers                                                       ; Off                ; Off                ;
; Ignore LCELL Buffers                                                            ; Off                ; Off                ;
; Ignore SOFT Buffers                                                             ; On                 ; On                 ;
; Limit AHDL Integers to 32 Bits                                                  ; Off                ; Off                ;
; Optimization Technique                                                          ; Balanced           ; Balanced           ;
; Carry Chain Length                                                              ; 70                 ; 70                 ;
; Auto Carry Chains                                                               ; On                 ; On                 ;
; Auto Open-Drain Pins                                                            ; On                 ; On                 ;
; Perform WYSIWYG Primitive Resynthesis                                           ; Off                ; Off                ;
; Auto ROM Replacement                                                            ; On                 ; On                 ;
; Auto RAM Replacement                                                            ; On                 ; On                 ;
; Auto DSP Block Replacement                                                      ; On                 ; On                 ;
; Auto Shift Register Replacement                                                 ; Auto               ; Auto               ;
; Allow Shift Register Merging across Hierarchies                                 ; Auto               ; Auto               ;
; Auto Clock Enable Replacement                                                   ; On                 ; On                 ;
; Strict RAM Replacement                                                          ; Off                ; Off                ;
; Allow Synchronous Control Signals                                               ; On                 ; On                 ;
; Force Use of Synchronous Clear Signals                                          ; Off                ; Off                ;
; Auto Resource Sharing                                                           ; Off                ; Off                ;
; Allow Any RAM Size For Recognition                                              ; Off                ; Off                ;
; Allow Any ROM Size For Recognition                                              ; Off                ; Off                ;
; Allow Any Shift Register Size For Recognition                                   ; Off                ; Off                ;
; Use LogicLock Constraints during Resource Balancing                             ; On                 ; On                 ;
; Ignore translate_off and synthesis_off directives                               ; Off                ; Off                ;
; Timing-Driven Synthesis                                                         ; On                 ; On                 ;
; Report Parameter Settings                                                       ; On                 ; On                 ;
; Report Source Assignments                                                       ; On                 ; On                 ;
; Report Connectivity Checks                                                      ; On                 ; On                 ;
; Ignore Maximum Fan-Out Assignments                                              ; Off                ; Off                ;
; Synchronization Register Chain Length                                           ; 3                  ; 3                  ;
; Power Optimization During Synthesis                                             ; Normal compilation ; Normal compilation ;
; HDL message level                                                               ; Level2             ; Level2             ;
; Suppress Register Optimization Related Messages                                 ; Off                ; Off                ;
; Number of Removed Registers Reported in Synthesis Report                        ; 5000               ; 5000               ;
; Number of Swept Nodes Reported in Synthesis Report                              ; 5000               ; 5000               ;
; Number of Inverted Registers Reported in Synthesis Report                       ; 100                ; 100                ;
; Clock MUX Protection                                                            ; On                 ; On                 ;
; Auto Gated Clock Conversion                                                     ; Off                ; Off                ;
; Block Design Naming                                                             ; Auto               ; Auto               ;
; SDC constraint protection                                                       ; Off                ; Off                ;
; Synthesis Effort                                                                ; Auto               ; Auto               ;
; Shift Register Replacement - Allow Asynchronous Clear Signal                    ; On                 ; On                 ;
; Pre-Mapping Resynthesis Optimization                                            ; Off                ; Off                ;
; Analysis & Synthesis Message Level                                              ; Medium             ; Medium             ;
; Disable Register Merging Across Hierarchies                                     ; Auto               ; Auto               ;
; Resource Aware Inference For Block RAM                                          ; On                 ; On                 ;
; Automatic Parallel Synthesis                                                    ; On                 ; On                 ;
; Partial Reconfiguration Bitstream ID                                            ; Off                ; Off                ;
+---------------------------------------------------------------------------------+--------------------+--------------------+


+------------------------------------------+
; Parallel Compilation                     ;
+----------------------------+-------------+
; Processors                 ; Number      ;
+----------------------------+-------------+
; Number detected on machine ; 4           ;
; Maximum allowed            ; 2           ;
;                            ;             ;
; Average used               ; 1.00        ;
; Maximum used               ; 2           ;
;                            ;             ;
; Usage by Processor         ; % Time Used ;
;     Processor 1            ; 100.0%      ;
;     Processor 2            ;   0.0%      ;
+----------------------------+-------------+


+--------------------------------------------------------------------------------------------------------------------------------------------------------------+
; Analysis & Synthesis Source Files Read                                                                                                                       ;
+----------------------------------+-----------------+-----------------+-----------------------------------------------------------------------------+---------+
; File Name with User-Entered Path ; Used in Netlist ; File Type       ; File Name with Absolute Path                                                ; Library ;
+----------------------------------+-----------------+-----------------+-----------------------------------------------------------------------------+---------+
; async_fifo.vhd                   ; yes             ; User VHDL File  ; /home/proteopro/Desktop/DTU/FPGA_34349/as2/FIFO_VHDL/async/async_fifo.vhd   ;         ;
; fifo_control.vhd                 ; yes             ; User VHDL File  ; /home/proteopro/Desktop/DTU/FPGA_34349/as2/FIFO_VHDL/async/fifo_control.vhd ;         ;
+----------------------------------+-----------------+-----------------+-----------------------------------------------------------------------------+---------+


+-----------------------------------------------------------+
; Analysis & Synthesis Resource Usage Summary               ;
+---------------------------------------------+-------------+
; Resource                                    ; Usage       ;
+---------------------------------------------+-------------+
; Estimate of Logic utilization (ALMs needed) ; 5           ;
;                                             ;             ;
; Combinational ALUT usage for logic          ; 10          ;
;     -- 7 input functions                    ; 0           ;
;     -- 6 input functions                    ; 0           ;
;     -- 5 input functions                    ; 2           ;
;     -- 4 input functions                    ; 2           ;
;     -- <=3 input functions                  ; 6           ;
;                                             ;             ;
; Dedicated logic registers                   ; 10          ;
;                                             ;             ;
; I/O pins                                    ; 31          ;
;                                             ;             ;
; Total DSP Blocks                            ; 0           ;
;                                             ;             ;
; Maximum fan-out node                        ; reset~input ;
; Maximum fan-out                             ; 10          ;
; Total fan-out                               ; 111         ;
; Average fan-out                             ; 1.35        ;
+---------------------------------------------+-------------+


+-----------------------------------------------------------------------------------------------------------------------------------------------------------------------------------------------------------------+
; Analysis & Synthesis Resource Utilization by Entity                                                                                                                                                             ;
+---------------------------------+---------------------+---------------------------+-------------------+------------+------+--------------+----------------------------------------+--------------+--------------+
; Compilation Hierarchy Node      ; Combinational ALUTs ; Dedicated Logic Registers ; Block Memory Bits ; DSP Blocks ; Pins ; Virtual Pins ; Full Hierarchy Name                    ; Entity Name  ; Library Name ;
+---------------------------------+---------------------+---------------------------+-------------------+------------+------+--------------+----------------------------------------+--------------+--------------+
; |async_fifo                     ; 10 (0)              ; 10 (0)                    ; 0                 ; 0          ; 31   ; 0            ; |async_fifo                            ; async_fifo   ; work         ;
;    |fifo_control:read_control|  ; 5 (5)               ; 5 (5)                     ; 0                 ; 0          ; 0    ; 0            ; |async_fifo|fifo_control:read_control  ; fifo_control ; work         ;
;    |fifo_control:write_control| ; 5 (5)               ; 5 (5)                     ; 0                 ; 0          ; 0    ; 0            ; |async_fifo|fifo_control:write_control ; fifo_control ; work         ;
+---------------------------------+---------------------+---------------------------+-------------------+------------+------+--------------+----------------------------------------+--------------+--------------+
Note: For table entries with two numbers listed, the numbers in parentheses indicate the number of resources of the given type used by the specific entity alone. The numbers listed outside of parentheses indicate the total resources of the given type used by the specific entity and all of its sub-entities in the hierarchy.


+------------------------------------------------------+
; General Register Statistics                          ;
+----------------------------------------------+-------+
; Statistic                                    ; Value ;
+----------------------------------------------+-------+
; Total registers                              ; 10    ;
; Number of registers using Synchronous Clear  ; 0     ;
; Number of registers using Synchronous Load   ; 0     ;
; Number of registers using Asynchronous Clear ; 10    ;
; Number of registers using Asynchronous Load  ; 0     ;
; Number of registers using Clock Enable       ; 10    ;
; Number of registers using Preset             ; 0     ;
+----------------------------------------------+-------+


+----------------------------------------------------------------------------+
; Parameter Settings for User Entity Instance: Top-level Entity: |async_fifo ;
+-----------------+-------+--------------------------------------------------+
; Parameter Name  ; Value ; Type                                             ;
+-----------------+-------+--------------------------------------------------+
; f_DATA_WIDTH    ; 10    ; Signed Integer                                   ;
; f_ADDRESS_WIDTH ; 5     ; Signed Integer                                   ;
+-----------------+-------+--------------------------------------------------+
Note: In order to hide this table in the UI and the text report file, please set the "Show Parameter Settings in Synthesis Report" option in "Analysis and Synthesis Settings -> More Settings" to "Off".


+-------------------------------------------------------------------------+
; Parameter Settings for User Entity Instance: fifo_control:write_control ;
+-----------------+-------+-----------------------------------------------+
; Parameter Name  ; Value ; Type                                          ;
+-----------------+-------+-----------------------------------------------+
; f_DATA_WIDTH    ; 10    ; Signed Integer                                ;
; f_ADDRESS_WIDTH ; 5     ; Signed Integer                                ;
+-----------------+-------+-----------------------------------------------+
Note: In order to hide this table in the UI and the text report file, please set the "Show Parameter Settings in Synthesis Report" option in "Analysis and Synthesis Settings -> More Settings" to "Off".


+------------------------------------------------------------------------+
; Parameter Settings for User Entity Instance: fifo_control:read_control ;
+-----------------+-------+----------------------------------------------+
; Parameter Name  ; Value ; Type                                         ;
+-----------------+-------+----------------------------------------------+
; f_DATA_WIDTH    ; 10    ; Signed Integer                               ;
; f_ADDRESS_WIDTH ; 5     ; Signed Integer                               ;
+-----------------+-------+----------------------------------------------+
Note: In order to hide this table in the UI and the text report file, please set the "Show Parameter Settings in Synthesis Report" option in "Analysis and Synthesis Settings -> More Settings" to "Off".


+----------------------------------------------------------------------------------------------------------------------+
; Port Connectivity Checks: "fifo_control:read_control"                                                                ;
+------------+--------+----------+-------------------------------------------------------------------------------------+
; Port       ; Type   ; Severity ; Details                                                                             ;
+------------+--------+----------+-------------------------------------------------------------------------------------+
; pointer    ; Output ; Info     ; Connected to dangling logic. Logic that only feeds a dangling port will be removed. ;
; full_empty ; Output ; Info     ; Connected to dangling logic. Logic that only feeds a dangling port will be removed. ;
; addr_mem   ; Output ; Info     ; Connected to dangling logic. Logic that only feeds a dangling port will be removed. ;
; w_r_en     ; Output ; Info     ; Connected to dangling logic. Logic that only feeds a dangling port will be removed. ;
+------------+--------+----------+-------------------------------------------------------------------------------------+


+----------------------------------------------------------------------------------------------------------------------+
; Port Connectivity Checks: "fifo_control:write_control"                                                               ;
+------------+--------+----------+-------------------------------------------------------------------------------------+
; Port       ; Type   ; Severity ; Details                                                                             ;
+------------+--------+----------+-------------------------------------------------------------------------------------+
; pointer    ; Output ; Info     ; Connected to dangling logic. Logic that only feeds a dangling port will be removed. ;
; full_empty ; Output ; Info     ; Connected to dangling logic. Logic that only feeds a dangling port will be removed. ;
; addr_mem   ; Output ; Info     ; Connected to dangling logic. Logic that only feeds a dangling port will be removed. ;
; w_r_en     ; Output ; Info     ; Connected to dangling logic. Logic that only feeds a dangling port will be removed. ;
+------------+--------+----------+-------------------------------------------------------------------------------------+


+-----------------------------------------------------+
; Post-Synthesis Netlist Statistics for Top Partition ;
+-----------------------+-----------------------------+
; Type                  ; Count                       ;
+-----------------------+-----------------------------+
; arriav_ff             ; 10                          ;
;     ENA CLR           ; 10                          ;
; arriav_lcell_comb     ; 13                          ;
;     normal            ; 13                          ;
;         0 data inputs ; 1                           ;
;         1 data inputs ; 4                           ;
;         2 data inputs ; 2                           ;
;         3 data inputs ; 2                           ;
;         4 data inputs ; 2                           ;
;         5 data inputs ; 2                           ;
; boundary_port         ; 31                          ;
;                       ;                             ;
; Max LUT depth         ; 1.00                        ;
; Average LUT depth     ; 0.79                        ;
+-----------------------+-----------------------------+


+-------------------------------+
; Elapsed Time Per Partition    ;
+----------------+--------------+
; Partition Name ; Elapsed Time ;
+----------------+--------------+
; Top            ; 00:00:01     ;
+----------------+--------------+


+-------------------------------+
; Analysis & Synthesis Messages ;
+-------------------------------+
Info: *******************************************************************
Info: Running Quartus Prime Analysis & Synthesis
    Info: Version 23.1std.1 Build 993 05/14/2024 SC Lite Edition
    Info: Processing started: Sun Mar  9 22:01:25 2025
Info: Command: quartus_map --read_settings_files=on --write_settings_files=off async_fifo -c async_fifo
Warning (18236): Number of processors has not been specified which may cause overloading on shared machines.  Set the global assignment NUM_PARALLEL_PROCESSORS in your QSF to an appropriate value for best performance.
Info (20030): Parallel compilation is enabled and will use 2 of the 2 processors detected
Info (12021): Found 2 design units, including 1 entities, in source file async_fifo.vhd
    Info (12022): Found design unit 1: async_fifo-ar File: /home/proteopro/Desktop/DTU/FPGA_34349/as2/FIFO_VHDL/async/async_fifo.vhd Line: 31
    Info (12023): Found entity 1: async_fifo File: /home/proteopro/Desktop/DTU/FPGA_34349/as2/FIFO_VHDL/async/async_fifo.vhd Line: 5
Info (12021): Found 2 design units, including 1 entities, in source file fifo_control.vhd
    Info (12022): Found design unit 1: fifo_control-arch File: /home/proteopro/Desktop/DTU/FPGA_34349/as2/FIFO_VHDL/async/fifo_control.vhd Line: 21
    Info (12023): Found entity 1: fifo_control File: /home/proteopro/Desktop/DTU/FPGA_34349/as2/FIFO_VHDL/async/fifo_control.vhd Line: 5
Info (12127): Elaborating entity "async_fifo" for the top level hierarchy
Warning (10541): VHDL Signal Declaration warning at async_fifo.vhd(26): used implicit default value for signal "read_data_out" because signal was never assigned a value or an explicit default value. Use of implicit default value may introduce unintended design optimizations. File: /home/proteopro/Desktop/DTU/FPGA_34349/as2/FIFO_VHDL/async/async_fifo.vhd Line: 26
Warning (10541): VHDL Signal Declaration warning at async_fifo.vhd(32): used implicit default value for signal "wptr_sync" because signal was never assigned a value or an explicit default value. Use of implicit default value may introduce unintended design optimizations. File: /home/proteopro/Desktop/DTU/FPGA_34349/as2/FIFO_VHDL/async/async_fifo.vhd Line: 32
Warning (10541): VHDL Signal Declaration warning at async_fifo.vhd(33): used implicit default value for signal "rptr_sync" because signal was never assigned a value or an explicit default value. Use of implicit default value may introduce unintended design optimizations. File: /home/proteopro/Desktop/DTU/FPGA_34349/as2/FIFO_VHDL/async/async_fifo.vhd Line: 33
Warning (10036): Verilog HDL or VHDL warning at async_fifo.vhd(34): object "wptr" assigned a value but never read File: /home/proteopro/Desktop/DTU/FPGA_34349/as2/FIFO_VHDL/async/async_fifo.vhd Line: 34
Warning (10036): Verilog HDL or VHDL warning at async_fifo.vhd(35): object "rptr" assigned a value but never read File: /home/proteopro/Desktop/DTU/FPGA_34349/as2/FIFO_VHDL/async/async_fifo.vhd Line: 35
Warning (10036): Verilog HDL or VHDL warning at async_fifo.vhd(36): object "waddr" assigned a value but never read File: /home/proteopro/Desktop/DTU/FPGA_34349/as2/FIFO_VHDL/async/async_fifo.vhd Line: 36
Warning (10036): Verilog HDL or VHDL warning at async_fifo.vhd(37): object "raddr" assigned a value but never read File: /home/proteopro/Desktop/DTU/FPGA_34349/as2/FIFO_VHDL/async/async_fifo.vhd Line: 37
Warning (10036): Verilog HDL or VHDL warning at async_fifo.vhd(38): object "full" assigned a value but never read File: /home/proteopro/Desktop/DTU/FPGA_34349/as2/FIFO_VHDL/async/async_fifo.vhd Line: 38
Warning (10036): Verilog HDL or VHDL warning at async_fifo.vhd(39): object "empty" assigned a value but never read File: /home/proteopro/Desktop/DTU/FPGA_34349/as2/FIFO_VHDL/async/async_fifo.vhd Line: 39
Warning (10036): Verilog HDL or VHDL warning at async_fifo.vhd(40): object "w_en" assigned a value but never read File: /home/proteopro/Desktop/DTU/FPGA_34349/as2/FIFO_VHDL/async/async_fifo.vhd Line: 40
Warning (10036): Verilog HDL or VHDL warning at async_fifo.vhd(41): object "r_en" assigned a value but never read File: /home/proteopro/Desktop/DTU/FPGA_34349/as2/FIFO_VHDL/async/async_fifo.vhd Line: 41
Info (12128): Elaborating entity "fifo_control" for hierarchy "fifo_control:write_control" File: /home/proteopro/Desktop/DTU/FPGA_34349/as2/FIFO_VHDL/async/async_fifo.vhd Line: 58
Warning (10541): VHDL Signal Declaration warning at fifo_control.vhd(14): used implicit default value for signal "pointer" because signal was never assigned a value or an explicit default value. Use of implicit default value may introduce unintended design optimizations. File: /home/proteopro/Desktop/DTU/FPGA_34349/as2/FIFO_VHDL/async/fifo_control.vhd Line: 14
Warning (10492): VHDL Process Statement warning at fifo_control.vhd(29): signal "addr_mem" is read inside the Process Statement but isn't in the Process Statement's sensitivity list File: /home/proteopro/Desktop/DTU/FPGA_34349/as2/FIFO_VHDL/async/fifo_control.vhd Line: 29
Warning (13024): Output pins are stuck at VCC or GND
    Warning (13410): Pin "read_data_out[0]" is stuck at GND File: /home/proteopro/Desktop/DTU/FPGA_34349/as2/FIFO_VHDL/async/async_fifo.vhd Line: 26
    Warning (13410): Pin "read_data_out[1]" is stuck at GND File: /home/proteopro/Desktop/DTU/FPGA_34349/as2/FIFO_VHDL/async/async_fifo.vhd Line: 26
    Warning (13410): Pin "read_data_out[2]" is stuck at GND File: /home/proteopro/Desktop/DTU/FPGA_34349/as2/FIFO_VHDL/async/async_fifo.vhd Line: 26
    Warning (13410): Pin "read_data_out[3]" is stuck at GND File: /home/proteopro/Desktop/DTU/FPGA_34349/as2/FIFO_VHDL/async/async_fifo.vhd Line: 26
    Warning (13410): Pin "read_data_out[4]" is stuck at GND File: /home/proteopro/Desktop/DTU/FPGA_34349/as2/FIFO_VHDL/async/async_fifo.vhd Line: 26
    Warning (13410): Pin "read_data_out[5]" is stuck at GND File: /home/proteopro/Desktop/DTU/FPGA_34349/as2/FIFO_VHDL/async/async_fifo.vhd Line: 26
    Warning (13410): Pin "read_data_out[6]" is stuck at GND File: /home/proteopro/Desktop/DTU/FPGA_34349/as2/FIFO_VHDL/async/async_fifo.vhd Line: 26
    Warning (13410): Pin "read_data_out[7]" is stuck at GND File: /home/proteopro/Desktop/DTU/FPGA_34349/as2/FIFO_VHDL/async/async_fifo.vhd Line: 26
Info (286030): Timing-Driven Synthesis is running
Info (16010): Generating hard_block partition "hard_block:auto_generated_inst"
    Info (16011): Adding 0 node(s), including 0 DDIO, 0 PLL, 0 transceiver and 0 LCELL
Warning (21074): Design contains 8 input pin(s) that do not drive logic
    Warning (15610): No output dependent on input pin "write_data_in[0]" File: /home/proteopro/Desktop/DTU/FPGA_34349/as2/FIFO_VHDL/async/async_fifo.vhd Line: 22
    Warning (15610): No output dependent on input pin "write_data_in[1]" File: /home/proteopro/Desktop/DTU/FPGA_34349/as2/FIFO_VHDL/async/async_fifo.vhd Line: 22
    Warning (15610): No output dependent on input pin "write_data_in[2]" File: /home/proteopro/Desktop/DTU/FPGA_34349/as2/FIFO_VHDL/async/async_fifo.vhd Line: 22
    Warning (15610): No output dependent on input pin "write_data_in[3]" File: /home/proteopro/Desktop/DTU/FPGA_34349/as2/FIFO_VHDL/async/async_fifo.vhd Line: 22
    Warning (15610): No output dependent on input pin "write_data_in[4]" File: /home/proteopro/Desktop/DTU/FPGA_34349/as2/FIFO_VHDL/async/async_fifo.vhd Line: 22
    Warning (15610): No output dependent on input pin "write_data_in[5]" File: /home/proteopro/Desktop/DTU/FPGA_34349/as2/FIFO_VHDL/async/async_fifo.vhd Line: 22
    Warning (15610): No output dependent on input pin "write_data_in[6]" File: /home/proteopro/Desktop/DTU/FPGA_34349/as2/FIFO_VHDL/async/async_fifo.vhd Line: 22
    Warning (15610): No output dependent on input pin "write_data_in[7]" File: /home/proteopro/Desktop/DTU/FPGA_34349/as2/FIFO_VHDL/async/async_fifo.vhd Line: 22
Info (21057): Implemented 49 device resources after synthesis - the final resource count might be different
    Info (21058): Implemented 13 input pins
    Info (21059): Implemented 18 output pins
    Info (21061): Implemented 18 logic cells
Info: Quartus Prime Analysis & Synthesis was successful. 0 errors, 33 warnings
    Info: Peak virtual memory: 467 megabytes
    Info: Processing ended: Sun Mar  9 22:01:49 2025
    Info: Elapsed time: 00:00:24
    Info: Total CPU time (on all processors): 00:00:33


